<?xml version="1.0" encoding="UTF-8"?>
<testng-results ignored="0" total="1" passed="1" failed="0" skipped="0">
  <reporter-output>
  </reporter-output>
  <suite started-at="2023-10-03T14:22:47 IST" name="Default suite" finished-at="2023-10-03T14:23:35 IST" duration-ms="48013">
    <groups>
    </groups>
    <test started-at="2023-10-03T14:22:47 IST" name="Default test" finished-at="2023-10-03T14:23:35 IST" duration-ms="48013">
      <class name="testscripts.LoginTest">
        <test-method signature="tc_1()[pri:0, instance:testscripts.LoginTest@35841320]" started-at="2023-10-03T14:22:47 IST" name="tc_1" finished-at="2023-10-03T14:23:35 IST" duration-ms="47950" status="PASS">
          <reporter-output>
          </reporter-output>
        </test-method> <!-- tc_1 -->
      </class> <!-- testscripts.LoginTest -->
    </test> <!-- Default test -->
  </suite> <!-- Default suite -->
</testng-results>
